Top 20 Sort By Count
Count    Total      Mean    Stddev    Min  P50.0  P90.0  P95.0  P99.0    Max    2xx   3xx  4xx  5xx  Request
99450    0.144  0.000001  0.000040  0.000  0.000  0.000  0.000  0.000  0.004  99450     0    0    0  images
 2387  112.978  0.047331  0.022756  0.006  0.046  0.077  0.085  0.103  0.401   2383     0    4    0  GET /users/1234 HTTP/1.1
 2072   23.194  0.011194  0.006325  0.002  0.010  0.019  0.023  0.032  0.097   2071     0    1    0  GET /?page=0 HTTP/1.1
 1083   22.899  0.021144  0.039579  0.004  0.015  0.028  0.035  0.168  0.606      0  1083    0    0  POST /login HTTP/1.1
 1083   12.625  0.011657  0.006488  0.003  0.010  0.020  0.025  0.033  0.041   1081     0    1    1  GET / HTTP/1.1
 1077    3.549  0.003295  0.003448  0.000  0.002  0.008  0.010  0.016  0.026   1077     0    0    0  GET /login HTTP/1.1
 1077    3.652  0.003391  0.003557  0.000  0.002  0.008  0.010  0.016  0.028      0  1077    0    0  GET /logout HTTP/1.1
   32    0.374  0.011688  0.004398  0.005  0.012  0.018  0.020  0.023  0.023     32     0    0    0  GET /?page=118 HTTP/1.1
   32    0.315  0.009844  0.005310  0.004  0.008  0.016  0.021  0.031  0.031     32     0    0    0  GET /?page=130 HTTP/1.1
   30    0.362  0.012067  0.004697  0.003  0.011  0.019  0.020  0.021  0.021     30     0    0    0  GET /?page=65 HTTP/1.1
   30    0.359  0.011967  0.005908  0.005  0.009  0.020  0.022  0.027  0.027     30     0    0    0  GET /?page=189 HTTP/1.1
   30    0.431  0.014367  0.008305  0.005  0.013  0.030  0.033  0.035  0.035     30     0    0    0  GET /?page=193 HTTP/1.1
   29    0.378  0.013034  0.006901  0.006  0.011  0.023  0.031  0.031  0.031     29     0    0    0  GET /?page=80 HTTP/1.1
   29    0.381  0.013138  0.006816  0.004  0.011  0.025  0.028  0.029  0.029     29     0    0    0  GET /?page=192 HTTP/1.1
   29    0.374  0.012897  0.008027  0.004  0.011  0.026  0.031  0.041  0.041     29     0    0    0  GET /?page=174 HTTP/1.1
   29    0.350  0.012069  0.006427  0.004  0.009  0.023  0.024  0.026  0.026     29     0    0    0  GET /?page=85 HTTP/1.1
   28    0.353  0.012607  0.009511  0.004  0.008  0.030  0.035  0.041  0.041     28     0    0    0  GET /?page=190 HTTP/1.1
   28    0.281  0.010036  0.006445  0.005  0.007  0.017  0.019  0.037  0.037     28     0    0    0  GET /?page=141 HTTP/1.1
   28    0.336  0.012000  0.005418  0.006  0.012  0.020  0.024  0.026  0.026     28     0    0    0  GET /?page=128 HTTP/1.1
   28    0.292  0.010429  0.007346  0.005  0.008  0.019  0.025  0.040  0.040     28     0    0    0  GET /?page=89 HTTP/1.1

Top 20 Sort By Total
Count    Total       Mean     Stddev     Min   P50.0   P90.0   P95.0   P99.0     Max   2xx   3xx  4xx  5xx  Request
 2387  112.978   0.047331   0.022756   0.006   0.046   0.077   0.085   0.103   0.401  2383     0    4    0  GET /users/1234 HTTP/1.1
    1   25.144  25.144000   0.000000  25.144  25.144  25.144  25.144  25.144  25.144     1     0    0    0  GET /initialize HTTP/1.1
 2072   23.194   0.011194   0.006325   0.002   0.010   0.019   0.023   0.032   0.097  2071     0    1    0  GET /?page=0 HTTP/1.1
 1083   22.899   0.021144   0.039579   0.004   0.015   0.028   0.035   0.168   0.606     0  1083    0    0  POST /login HTTP/1.1
 1083   12.625   0.011657   0.006488   0.003   0.010   0.020   0.025   0.033   0.041  1081     0    1    1  GET / HTTP/1.1
 1077    3.652   0.003391   0.003557   0.000   0.002   0.008   0.010   0.016   0.028     0  1077    0    0  GET /logout HTTP/1.1
 1077    3.549   0.003295   0.003448   0.000   0.002   0.008   0.010   0.016   0.026  1077     0    0    0  GET /login HTTP/1.1
    1    0.621   0.621000   0.000000   0.621   0.621   0.621   0.621   0.621   0.621     0     1    0    0  POST /products/buy/7088 HTTP/1.1
    1    0.611   0.611000   0.000000   0.611   0.611   0.611   0.611   0.611   0.611     0     1    0    0  POST /products/buy/4984 HTTP/1.1
   26    0.580   0.022308   0.011255   0.008   0.020   0.039   0.044   0.045   0.045    26     0    0    0  GET /users/784 HTTP/1.1
   27    0.552   0.020444   0.010775   0.008   0.019   0.037   0.041   0.050   0.050    27     0    0    0  GET /users/3381 HTTP/1.1
   25    0.543   0.021720   0.006867   0.010   0.022   0.033   0.033   0.033   0.033    25     0    0    0  GET /users/1913 HTTP/1.1
   25    0.541   0.021640   0.009711   0.010   0.020   0.034   0.037   0.049   0.049    25     0    0    0  GET /users/3584 HTTP/1.1
   27    0.532   0.019704   0.007929   0.008   0.018   0.033   0.034   0.036   0.036    27     0    0    0  GET /users/2768 HTTP/1.1
   26    0.516   0.019846   0.008547   0.008   0.018   0.031   0.037   0.038   0.038    26     0    0    0  GET /users/1465 HTTP/1.1
   25    0.504   0.020160   0.011878   0.009   0.017   0.033   0.041   0.064   0.064    25     0    0    0  GET /users/2583 HTTP/1.1
   26    0.496   0.019077   0.007503   0.011   0.017   0.032   0.035   0.037   0.037    26     0    0    0  GET /users/1028 HTTP/1.1
   25    0.490   0.019600   0.008328   0.008   0.020   0.030   0.033   0.038   0.038    25     0    0    0  GET /users/4944 HTTP/1.1
   26    0.487   0.018731   0.010794   0.007   0.015   0.036   0.038   0.056   0.056    26     0    0    0  GET /users/2231 HTTP/1.1
   26    0.486   0.018692   0.011293   0.008   0.015   0.037   0.044   0.048   0.048    26     0    0    0  GET /users/1022 HTTP/1.1

Top 20 Sort By Mean
Count   Total       Mean     Stddev     Min   P50.0   P90.0   P95.0   P99.0     Max  2xx  3xx  4xx  5xx  Request
    1  25.144  25.144000   0.000000  25.144  25.144  25.144  25.144  25.144  25.144    1    0    0    0  GET /initialize HTTP/1.1
    1   0.621   0.621000   0.000000   0.621   0.621   0.621   0.621   0.621   0.621    0    1    0    0  POST /products/buy/7088 HTTP/1.1
    1   0.611   0.611000   0.000000   0.611   0.611   0.611   0.611   0.611   0.611    0    1    0    0  POST /products/buy/4984 HTTP/1.1
    1   0.443   0.443000   0.000000   0.443   0.443   0.443   0.443   0.443   0.443    0    1    0    0  POST /products/buy/6930 HTTP/1.1
    1   0.442   0.442000   0.000000   0.442   0.442   0.442   0.442   0.442   0.442    0    1    0    0  POST /products/buy/5590 HTTP/1.1
    1   0.252   0.252000   0.000000   0.252   0.252   0.252   0.252   0.252   0.252    0    1    0    0  POST /products/buy/2439 HTTP/1.1
    1   0.226   0.226000   0.000000   0.226   0.226   0.226   0.226   0.226   0.226    0    1    0    0  POST /products/buy/4925 HTTP/1.1
    1   0.220   0.220000   0.000000   0.220   0.220   0.220   0.220   0.220   0.220    0    1    0    0  POST /products/buy/8072 HTTP/1.1
    1   0.165   0.165000   0.000000   0.165   0.165   0.165   0.165   0.165   0.165    0    1    0    0  POST /products/buy/8673 HTTP/1.1
    1   0.153   0.153000   0.000000   0.153   0.153   0.153   0.153   0.153   0.153    0    1    0    0  POST /products/buy/6349 HTTP/1.1
    1   0.147   0.147000   0.000000   0.147   0.147   0.147   0.147   0.147   0.147    0    1    0    0  POST /products/buy/2463 HTTP/1.1
    1   0.133   0.133000   0.000000   0.133   0.133   0.133   0.133   0.133   0.133    0    1    0    0  POST /products/buy/7893 HTTP/1.1
    1   0.120   0.120000   0.000000   0.120   0.120   0.120   0.120   0.120   0.120    0    1    0    0  POST /comments/1853 HTTP/1.1
    1   0.108   0.108000   0.000000   0.108   0.108   0.108   0.108   0.108   0.108    1    0    0    0  GET /users/680 HTTP/1.1
    1   0.101   0.101000   0.000000   0.101   0.101   0.101   0.101   0.101   0.101    0    1    0    0  POST /products/buy/7933 HTTP/1.1
    1   0.101   0.101000   0.000000   0.101   0.101   0.101   0.101   0.101   0.101    0    1    0    0  POST /comments/7717 HTTP/1.1
    1   0.097   0.097000   0.000000   0.097   0.097   0.097   0.097   0.097   0.097    0    1    0    0  POST /products/buy/7807 HTTP/1.1
    1   0.094   0.094000   0.000000   0.094   0.094   0.094   0.094   0.094   0.094    0    1    0    0  POST /products/buy/3339 HTTP/1.1
    1   0.092   0.092000   0.000000   0.092   0.092   0.092   0.092   0.092   0.092    0    1    0    0  POST /products/buy/6941 HTTP/1.1
    1   0.090   0.090000   0.000000   0.090   0.090   0.090   0.090   0.090   0.090    0    1    0    0  POST /comments/3351 HTTP/1.1

Top 20 Sort By Standard Deviation
Count    Total      Mean    Stddev    Min  P50.0  P90.0  P95.0  P99.0    Max   2xx   3xx  4xx  5xx  Request
 1083   22.899  0.021144  0.039579  0.004  0.015  0.028  0.035  0.168  0.606     0  1083    0    0  POST /login HTTP/1.1
    3    0.097  0.032333  0.026132  0.010  0.018  0.069  0.069  0.069  0.069     0     3    0    0  POST /products/buy/6725 HTTP/1.1
    2    0.090  0.045000  0.023000  0.022  0.068  0.068  0.068  0.068  0.068     0     2    0    0  POST /products/buy/2991 HTTP/1.1
 2387  112.978  0.047331  0.022756  0.006  0.046  0.077  0.085  0.103  0.401  2383     0    4    0  GET /users/1234 HTTP/1.1
    2    0.067  0.033500  0.022500  0.011  0.056  0.056  0.056  0.056  0.056     2     0    0    0  GET /users/1856 HTTP/1.1
   20    0.283  0.014150  0.020502  0.004  0.009  0.022  0.101  0.101  0.101    20     0    0    0  GET /?page=188 HTTP/1.1
    2    0.060  0.030000  0.020000  0.010  0.050  0.050  0.050  0.050  0.050     2     0    0    0  GET /users/2818 HTTP/1.1
    2    0.052  0.026000  0.020000  0.006  0.046  0.046  0.046  0.046  0.046     2     0    0    0  GET /users/1423 HTTP/1.1
    3    0.086  0.028667  0.019602  0.011  0.019  0.056  0.056  0.056  0.056     3     0    0    0  GET /users/4693 HTTP/1.1
    3    0.058  0.019333  0.018264  0.004  0.009  0.045  0.045  0.045  0.045     3     0    0    0  GET /products/178 HTTP/1.1
    2    0.058  0.029000  0.018000  0.011  0.047  0.047  0.047  0.047  0.047     2     0    0    0  GET /users/880 HTTP/1.1
    2    0.070  0.035000  0.017000  0.018  0.052  0.052  0.052  0.052  0.052     2     0    0    0  GET /users/3820 HTTP/1.1
    2    0.041  0.020500  0.016500  0.004  0.037  0.037  0.037  0.037  0.037     2     0    0    0  GET /products/1980 HTTP/1.1
    2    0.055  0.027500  0.016500  0.011  0.044  0.044  0.044  0.044  0.044     2     0    0    0  GET /users/2498 HTTP/1.1
    2    0.071  0.035500  0.016500  0.019  0.052  0.052  0.052  0.052  0.052     2     0    0    0  GET /users/3871 HTTP/1.1
    2    0.044  0.022000  0.016000  0.006  0.038  0.038  0.038  0.038  0.038     2     0    0    0  GET /products/9640 HTTP/1.1
    2    0.046  0.023000  0.016000  0.007  0.039  0.039  0.039  0.039  0.039     2     0    0    0  GET /products/9312 HTTP/1.1
    2    0.044  0.022000  0.016000  0.006  0.038  0.038  0.038  0.038  0.038     2     0    0    0  GET /users/4746 HTTP/1.1
    2    0.049  0.024500  0.015500  0.009  0.040  0.040  0.040  0.040  0.040     2     0    0    0  GET /products/8370 HTTP/1.1
    3    0.041  0.013667  0.015107  0.002  0.004  0.035  0.035  0.035  0.035     3     0    0    0  GET /products/7445 HTTP/1.1

Top 20 Sort By Maximum(100 Percentile)
Count    Total       Mean     Stddev     Min   P50.0   P90.0   P95.0   P99.0     Max   2xx   3xx  4xx  5xx  Request
    1   25.144  25.144000   0.000000  25.144  25.144  25.144  25.144  25.144  25.144     1     0    0    0  GET /initialize HTTP/1.1
    1    0.621   0.621000   0.000000   0.621   0.621   0.621   0.621   0.621   0.621     0     1    0    0  POST /products/buy/7088 HTTP/1.1
    1    0.611   0.611000   0.000000   0.611   0.611   0.611   0.611   0.611   0.611     0     1    0    0  POST /products/buy/4984 HTTP/1.1
 1083   22.899   0.021144   0.039579   0.004   0.015   0.028   0.035   0.168   0.606     0  1083    0    0  POST /login HTTP/1.1
    1    0.443   0.443000   0.000000   0.443   0.443   0.443   0.443   0.443   0.443     0     1    0    0  POST /products/buy/6930 HTTP/1.1
    1    0.442   0.442000   0.000000   0.442   0.442   0.442   0.442   0.442   0.442     0     1    0    0  POST /products/buy/5590 HTTP/1.1
 2387  112.978   0.047331   0.022756   0.006   0.046   0.077   0.085   0.103   0.401  2383     0    4    0  GET /users/1234 HTTP/1.1
    1    0.252   0.252000   0.000000   0.252   0.252   0.252   0.252   0.252   0.252     0     1    0    0  POST /products/buy/2439 HTTP/1.1
    1    0.226   0.226000   0.000000   0.226   0.226   0.226   0.226   0.226   0.226     0     1    0    0  POST /products/buy/4925 HTTP/1.1
    1    0.220   0.220000   0.000000   0.220   0.220   0.220   0.220   0.220   0.220     0     1    0    0  POST /products/buy/8072 HTTP/1.1
    1    0.165   0.165000   0.000000   0.165   0.165   0.165   0.165   0.165   0.165     0     1    0    0  POST /products/buy/8673 HTTP/1.1
    1    0.153   0.153000   0.000000   0.153   0.153   0.153   0.153   0.153   0.153     0     1    0    0  POST /products/buy/6349 HTTP/1.1
    1    0.147   0.147000   0.000000   0.147   0.147   0.147   0.147   0.147   0.147     0     1    0    0  POST /products/buy/2463 HTTP/1.1
    1    0.133   0.133000   0.000000   0.133   0.133   0.133   0.133   0.133   0.133     0     1    0    0  POST /products/buy/7893 HTTP/1.1
    1    0.120   0.120000   0.000000   0.120   0.120   0.120   0.120   0.120   0.120     0     1    0    0  POST /comments/1853 HTTP/1.1
    1    0.108   0.108000   0.000000   0.108   0.108   0.108   0.108   0.108   0.108     1     0    0    0  GET /users/680 HTTP/1.1
    1    0.101   0.101000   0.000000   0.101   0.101   0.101   0.101   0.101   0.101     0     1    0    0  POST /products/buy/7933 HTTP/1.1
    1    0.101   0.101000   0.000000   0.101   0.101   0.101   0.101   0.101   0.101     0     1    0    0  POST /comments/7717 HTTP/1.1
   20    0.283   0.014150   0.020502   0.004   0.009   0.022   0.101   0.101   0.101    20     0    0    0  GET /?page=188 HTTP/1.1
    1    0.097   0.097000   0.000000   0.097   0.097   0.097   0.097   0.097   0.097     0     1    0    0  POST /products/buy/7807 HTTP/1.1

TOP 37 Slow Requests
 1  25.144  GET /initialize HTTP/1.1
 2   0.621  POST /products/buy/7088 HTTP/1.1
 3   0.611  POST /products/buy/4984 HTTP/1.1
 4   0.606  POST /login HTTP/1.1
 5   0.510  POST /login HTTP/1.1
 6   0.481  POST /login HTTP/1.1
 7   0.446  POST /login HTTP/1.1
 8   0.444  POST /login HTTP/1.1
 9   0.443  POST /products/buy/6930 HTTP/1.1
10   0.442  POST /products/buy/5590 HTTP/1.1
11   0.423  POST /login HTTP/1.1
12   0.401  GET /users/1234 HTTP/1.1
13   0.252  POST /products/buy/2439 HTTP/1.1
14   0.230  POST /login HTTP/1.1
15   0.226  POST /products/buy/4925 HTTP/1.1
16   0.225  POST /login HTTP/1.1
17   0.221  POST /login HTTP/1.1
18   0.220  POST /products/buy/8072 HTTP/1.1
19   0.215  POST /login HTTP/1.1
20   0.168  POST /login HTTP/1.1
21   0.165  POST /products/buy/8673 HTTP/1.1
22   0.157  POST /login HTTP/1.1
23   0.153  POST /products/buy/6349 HTTP/1.1
24   0.147  POST /products/buy/2463 HTTP/1.1
25   0.142  POST /login HTTP/1.1
26   0.134  GET /users/1234 HTTP/1.1
27   0.134  POST /login HTTP/1.1
28   0.133  POST /products/buy/7893 HTTP/1.1
29   0.124  POST /login HTTP/1.1
30   0.124  GET /users/1234 HTTP/1.1
31   0.124  GET /users/1234 HTTP/1.1
32   0.121  GET /users/1234 HTTP/1.1
33   0.120  POST /comments/1853 HTTP/1.1
34   0.119  GET /users/1234 HTTP/1.1
35   0.119  POST /login HTTP/1.1
36   0.118  GET /users/1234 HTTP/1.1
37   0.117  POST /login HTTP/1.1
