Count: 3578  Time=0.01s (19s)  Lock=0.00s (0s)  Rows=236.4 (845945), ishocon[ishocon]@localhost
  SELECT p.id, p.name, p.description, p.image_path, p.price, h.created_at FROM histories as h LEFT OUTER JOIN products as p ON h.product_id = p.id WHERE h.user_id = N ORDER BY h.id DESC

Count: 59400  Time=0.00s (12s)  Lock=0.00s (1s)  Rows=5.0 (297000), ishocon[ishocon]@localhost
  SELECT * FROM comments as c INNER JOIN users as u ON c.user_id = u.id WHERE c.product_id = N ORDER BY c.created_at DESC LIMIT N

Count: 274975  Time=0.00s (11s)  Lock=0.00s (0s)  Rows=4.7 (1282053), 2users@localhost
  #

Count: 1188  Time=0.01s (6s)  Lock=0.00s (0s)  Rows=50.0 (59400), ishocon[ishocon]@localhost
  SELECT * FROM products ORDER BY id DESC LIMIT N OFFSET N

Count: 1401  Time=0.00s (6s)  Lock=0.00s (0s)  Rows=0.0 (0), ishocon[ishocon]@localhost
  INSERT INTO histories (product_id, user_id, created_at) VALUES ('S', N, 'S')

Count: 59400  Time=0.00s (6s)  Lock=0.00s (1s)  Rows=1.0 (59400), ishocon[ishocon]@localhost
  SELECT count(*) as count FROM comments WHERE product_id = N

Count: 351  Time=0.00s (1s)  Lock=0.00s (0s)  Rows=0.0 (0), ishocon[ishocon]@localhost
  INSERT INTO comments (product_id, user_id, content, created_at) VALUES ('S', N, 'S', 'S')

Count: 189  Time=0.01s (1s)  Lock=0.00s (0s)  Rows=0.0 (0), ishocon[ishocon]@localhost
  UPDATE users SET last_login = 'S' WHERE id = N

Count: 6409  Time=0.00s (0s)  Lock=0.00s (0s)  Rows=1.0 (6409), ishocon[ishocon]@localhost
  SELECT * FROM users WHERE id = N LIMIT N

Count: 189  Time=0.00s (0s)  Lock=0.00s (0s)  Rows=1.0 (189), ishocon[ishocon]@localhost
  SELECT * FROM users WHERE email = 'S' LIMIT N

Count: 4040  Time=0.00s (0s)  Lock=0.00s (0s)  Rows=0.0 (0), ishocon[ishocon]@localhost
  SELECT * FROM users WHERE id = NULL LIMIT N

Count: 353  Time=0.00s (0s)  Lock=0.00s (0s)  Rows=20.0 (7062), ishocon[ishocon]@localhost
  SELECT * FROM comments WHERE product_id = N

Count: 353  Time=0.00s (0s)  Lock=0.00s (0s)  Rows=1.0 (353), ishocon[ishocon]@localhost
  SELECT count(*) as count FROM histories WHERE product_id = N AND user_id = N

Count: 353  Time=0.00s (0s)  Lock=0.00s (0s)  Rows=1.0 (353), ishocon[ishocon]@localhost
  SELECT * FROM products WHERE id = N LIMIT N

Count: 271  Time=0.00s (0s)  Lock=0.00s (0s)  Rows=1.0 (271), ishocon[ishocon]@localhost
  SELECT @@max_allowed_packet

Count: 189  Time=0.00s (0s)  Lock=0.00s (0s)  Rows=1.0 (189), ishocon[ishocon]@localhost
  SELECT email, password FROM users WHERE id = N LIMIT N

Count: 1  Time=0.00s (0s)  Lock=0.00s (0s)  Rows=0.0 (0), ishocon[ishocon]@localhost
  DELETE FROM comments WHERE id > N

Count: 1  Time=0.00s (0s)  Lock=0.00s (0s)  Rows=0.0 (0), ishocon[ishocon]@localhost
  DELETE FROM histories WHERE id > N

Count: 2  Time=0.00s (0s)  Lock=0.00s (0s)  Rows=1.0 (2), ishocon[ishocon]@localhost
  SELECT SUM(p.price) as total_pay
  FROM histories as h
  INNER JOIN products as p
  ON p.id = h.product_id
  WHERE h.user_id = N

Count: 1  Time=0.00s (0s)  Lock=0.00s (0s)  Rows=0.0 (0), ishocon[ishocon]@localhost
  DELETE FROM users WHERE id > N

Count: 1  Time=0.00s (0s)  Lock=0.00s (0s)  Rows=0.0 (0), ishocon[ishocon]@localhost
  DELETE FROM products WHERE id > N

Count: 1  Time=0.00s (0s)  Lock=0.00s (0s)  Rows=0.0 (0), 0users@0hosts
  administrator command: Ping

Count: 137395  Time=0.00s (0s)  Lock=0.00s (0s)  Rows=0.0 (0), 0users@0hosts
  administrator command: Close stmt

Count: 137395  Time=0.00s (0s)  Lock=0.00s (0s)  Rows=0.0 (0), 0users@0hosts
  administrator command: Prepare

Count: 184  Time=0.00s (0s)  Lock=0.00s (0s)  Rows=0.0 (0), 0users@0hosts
  administrator command: Quit

